Start testing: Sep 12 11:35 KST
----------------------------------------------------------
1/1 Testing: vec2-test
1/1 Test: vec2-test
Command: "/home/gunggme/Projects/cpp-study/build/vec2-test"
Directory: /home/gunggme/Projects/cpp-study/build
"vec2-test" start time: Sep 12 11:35 KST
Output:
----------------------------------------------------------
<end of output>
Test time =   0.00 sec
----------------------------------------------------------
Test Passed.
"vec2-test" end time: Sep 12 11:35 KST
"vec2-test" time elapsed: 00:00:00
----------------------------------------------------------

End testing: Sep 12 11:35 KST
